<?xml version="1.0" encoding="UTF-8"?>
<testsuite name="com.example.lasttest.LastTestApplicationTests" tests="1" skipped="0" failures="0" errors="0" timestamp="2024-11-13T11:06:38" hostname="DESKTOP-3QUMHHK" time="0.549">
  <properties/>
  <testcase name="contextLoads()" classname="com.example.lasttest.LastTestApplicationTests" time="0.549"/>
  <system-out><![CDATA[20:06:37.515 [Test worker] INFO org.springframework.test.context.support.AnnotationConfigContextLoaderUtils -- Could not detect default configuration classes for test class [com.example.lasttest.LastTestApplicationTests]: LastTestApplicationTests does not declare any static, non-private, non-final, nested classes annotated with @Configuration.
20:06:37.593 [Test worker] INFO org.springframework.boot.test.context.SpringBootTestContextBootstrapper -- Found @SpringBootConfiguration com.example.lasttest.LastTestApplication for test class com.example.lasttest.LastTestApplicationTests

  .   ____          _            __ _ _
 /\\ / ___'_ __ _ _(_)_ __  __ _ \ \ \ \
( ( )\___ | '_ | '_| | '_ \/ _` | \ \ \ \
 \\/  ___)| |_)| | | | | || (_| |  ) ) ) )
  '  |____| .__|_| |_|_| |_\__, | / / / /
 =========|_|==============|___/=/_/_/_/

 :: Spring Boot ::                (v3.3.5)

2024-11-13T20:06:37.894+09:00  INFO 17324 --- [    Test worker] c.e.lasttest.LastTestApplicationTests    : Starting LastTestApplicationTests using Java 17.0.12 with PID 17324 (started by USER in C:\Users\USER\Desktop\LastTest)
2024-11-13T20:06:37.894+09:00  INFO 17324 --- [    Test worker] c.e.lasttest.LastTestApplicationTests    : No active profile set, falling back to 1 default profile: "default"
2024-11-13T20:06:38.769+09:00  WARN 17324 --- [    Test worker] .s.s.UserDetailsServiceAutoConfiguration : 

Using generated security password: bad3eb09-79cc-41b3-85d9-8f5bd0e1df86

This generated password is for development use only. Your security configuration must be updated before running your application in production.

2024-11-13T20:06:38.784+09:00  INFO 17324 --- [    Test worker] r$InitializeUserDetailsManagerConfigurer : Global AuthenticationManager configured with UserDetailsService bean with name inMemoryUserDetailsManager
2024-11-13T20:06:38.895+09:00  INFO 17324 --- [    Test worker] c.e.lasttest.LastTestApplicationTests    : Started LastTestApplicationTests in 1.176 seconds (process running for 2.029)
]]></system-out>
  <system-err><![CDATA[]]></system-err>
</testsuite>
