<?xml version="1.0" encoding="UTF-8"?>
<testsuite name="com.example.lasttest.LastTestApplicationTests" tests="1" skipped="0" failures="0" errors="0" timestamp="2024-11-13T04:58:49" hostname="DESKTOP-3QUMHHK" time="0.517">
  <properties/>
  <testcase name="contextLoads()" classname="com.example.lasttest.LastTestApplicationTests" time="0.517"/>
  <system-out><![CDATA[13:58:48.023 [Test worker] INFO org.springframework.test.context.support.AnnotationConfigContextLoaderUtils -- Could not detect default configuration classes for test class [com.example.lasttest.LastTestApplicationTests]: LastTestApplicationTests does not declare any static, non-private, non-final, nested classes annotated with @Configuration.
13:58:48.086 [Test worker] INFO org.springframework.boot.test.context.SpringBootTestContextBootstrapper -- Found @SpringBootConfiguration com.example.lasttest.LastTestApplication for test class com.example.lasttest.LastTestApplicationTests

  .   ____          _            __ _ _
 /\\ / ___'_ __ _ _(_)_ __  __ _ \ \ \ \
( ( )\___ | '_ | '_| | '_ \/ _` | \ \ \ \
 \\/  ___)| |_)| | | | | || (_| |  ) ) ) )
  '  |____| .__|_| |_|_| |_\__, | / / / /
 =========|_|==============|___/=/_/_/_/

 :: Spring Boot ::                (v3.3.5)

2024-11-13T13:58:48.348+09:00  INFO 8956 --- [LastTest] [    Test worker] c.e.lasttest.LastTestApplicationTests    : Starting LastTestApplicationTests using Java 17.0.12 with PID 8956 (started by USER in C:\Users\USER\Desktop\LastTest)
2024-11-13T13:58:48.349+09:00  INFO 8956 --- [LastTest] [    Test worker] c.e.lasttest.LastTestApplicationTests    : No active profile set, falling back to 1 default profile: "default"
2024-11-13T13:58:49.101+09:00  INFO 8956 --- [LastTest] [    Test worker] c.e.lasttest.LastTestApplicationTests    : Started LastTestApplicationTests in 0.917 seconds (process running for 1.641)
]]></system-out>
  <system-err><![CDATA[]]></system-err>
</testsuite>
