<?xml version="1.0" encoding="UTF-8"?>
<testsuite name="com.example.lasttest.LastTestApplicationTests" tests="1" skipped="0" failures="0" errors="0" timestamp="2024-11-13T09:58:55" hostname="DESKTOP-3QUMHHK" time="0.526">
  <properties/>
  <testcase name="contextLoads()" classname="com.example.lasttest.LastTestApplicationTests" time="0.526"/>
  <system-out><![CDATA[18:58:54.392 [Test worker] INFO org.springframework.test.context.support.AnnotationConfigContextLoaderUtils -- Could not detect default configuration classes for test class [com.example.lasttest.LastTestApplicationTests]: LastTestApplicationTests does not declare any static, non-private, non-final, nested classes annotated with @Configuration.
18:58:54.470 [Test worker] INFO org.springframework.boot.test.context.SpringBootTestContextBootstrapper -- Found @SpringBootConfiguration com.example.lasttest.LastTestApplication for test class com.example.lasttest.LastTestApplicationTests

  .   ____          _            __ _ _
 /\\ / ___'_ __ _ _(_)_ __  __ _ \ \ \ \
( ( )\___ | '_ | '_| | '_ \/ _` | \ \ \ \
 \\/  ___)| |_)| | | | | || (_| |  ) ) ) )
  '  |____| .__|_| |_|_| |_\__, | / / / /
 =========|_|==============|___/=/_/_/_/

 :: Spring Boot ::                (v3.3.5)

2024-11-13T18:58:54.753+09:00  INFO 17980 --- [    Test worker] c.e.lasttest.LastTestApplicationTests    : Starting LastTestApplicationTests using Java 17.0.12 with PID 17980 (started by USER in C:\Users\USER\Desktop\LastTest)
2024-11-13T18:58:54.753+09:00  INFO 17980 --- [    Test worker] c.e.lasttest.LastTestApplicationTests    : No active profile set, falling back to 1 default profile: "default"
2024-11-13T18:58:55.331+09:00  WARN 17980 --- [    Test worker] .s.s.UserDetailsServiceAutoConfiguration : 

Using generated security password: eca3bab6-2e38-47c3-a48d-34bca414e219

This generated password is for development use only. Your security configuration must be updated before running your application in production.

2024-11-13T18:58:55.347+09:00  INFO 17980 --- [    Test worker] r$InitializeUserDetailsManagerConfigurer : Global AuthenticationManager configured with UserDetailsService bean with name inMemoryUserDetailsManager
2024-11-13T18:58:55.692+09:00  INFO 17980 --- [    Test worker] c.e.lasttest.LastTestApplicationTests    : Started LastTestApplicationTests in 1.124 seconds (process running for 1.914)
]]></system-out>
  <system-err><![CDATA[]]></system-err>
</testsuite>
